<?xml version="1.0" encoding="UTF-8"?>
<robot generator="Robot 6.1.1 (Python 3.10.0 on win32)" generated="20231007 00:32:53.907" rpa="false" schemaversion="4">
<suite id="s1" name="TestCases" source="C:\Users\mitendra\PycharmProjects\Robot_DDT\TestCases">
<suite id="s1-s1" name="LoginTest" source="C:\Users\mitendra\PycharmProjects\Robot_DDT\TestCases\LoginTest.robot">
<kw name="open my browser" library="Login_resource" type="SETUP">
<kw name="Open Browser" library="SeleniumLibrary">
<arg>${url}</arg>
<arg>${browser}</arg>
<doc>Opens a new browser instance to the optional ``url``.</doc>
<msg timestamp="20231007 00:32:54.637" level="INFO">Opening browser 'Chrome' to base url 'https://demo.nopcommerce.com/'.</msg>
<status status="PASS" starttime="20231007 00:32:54.636" endtime="20231007 00:32:58.649"/>
</kw>
<kw name="Maximize Browser Window" library="SeleniumLibrary">
<doc>Maximizes current browser window.</doc>
<status status="PASS" starttime="20231007 00:32:58.649" endtime="20231007 00:32:58.773"/>
</kw>
<kw name="Set Selenium Speed" library="SeleniumLibrary">
<arg>0.5</arg>
<doc>Sets the delay that is waited after each Selenium command.</doc>
<status status="PASS" starttime="20231007 00:32:58.774" endtime="20231007 00:32:58.775"/>
</kw>
<status status="PASS" starttime="20231007 00:32:54.636" endtime="20231007 00:32:58.775"/>
</kw>
<test id="s1-s1-t1" name="LoginTest with excel testxiao123@gmail.com" line="11">
<kw name="Invalid login">
<arg>testxiao123@gmail.com</arg>
<arg>test@123</arg>
<kw name="LogIN" library="Login_resource">
<kw name="Click Element" library="SeleniumLibrary">
<arg>${login_xpath}</arg>
<doc>Click the element identified by ``locator``.</doc>
<msg timestamp="20231007 00:32:58.783" level="INFO">Clicking element 'xpath://a[normalize-space()='Log in']'.</msg>
<status status="PASS" starttime="20231007 00:32:58.783" endtime="20231007 00:33:00.307"/>
</kw>
<status status="PASS" starttime="20231007 00:32:58.782" endtime="20231007 00:33:00.307"/>
</kw>
<kw name="LogIN_Email" library="Login_resource">
<arg>${Username}</arg>
<kw name="Input Text" library="SeleniumLibrary">
<arg>${log_Email}</arg>
<arg>${Username}</arg>
<doc>Types the given ``text`` into the text field identified by ``locator``.</doc>
<msg timestamp="20231007 00:33:00.308" level="INFO">Typing text 'testxiao123@gmail.com' into text field 'xpath://input[@id='Email']'.</msg>
<status status="PASS" starttime="20231007 00:33:00.308" endtime="20231007 00:33:01.970"/>
</kw>
<status status="PASS" starttime="20231007 00:33:00.307" endtime="20231007 00:33:01.970"/>
</kw>
<kw name="LogIN_Pass" library="Login_resource">
<arg>${Password}</arg>
<kw name="Input Text" library="SeleniumLibrary">
<arg>${log_pass}</arg>
<arg>${Password}</arg>
<doc>Types the given ``text`` into the text field identified by ``locator``.</doc>
<msg timestamp="20231007 00:33:01.972" level="INFO">Typing text 'test@123' into text field 'xpath://input[@id='Password']'.</msg>
<status status="PASS" starttime="20231007 00:33:01.971" endtime="20231007 00:33:03.601"/>
</kw>
<status status="PASS" starttime="20231007 00:33:01.970" endtime="20231007 00:33:03.601"/>
</kw>
<kw name="Click_login" library="Login_resource">
<kw name="Click Element" library="SeleniumLibrary">
<arg>${button_login}</arg>
<doc>Click the element identified by ``locator``.</doc>
<msg timestamp="20231007 00:33:03.603" level="INFO">Clicking element 'xpath://button[normalize-space()='Log in']'.</msg>
<status status="PASS" starttime="20231007 00:33:03.601" endtime="20231007 00:33:05.062"/>
</kw>
<status status="PASS" starttime="20231007 00:33:03.601" endtime="20231007 00:33:05.062"/>
</kw>
<status status="PASS" starttime="20231007 00:32:58.782" endtime="20231007 00:33:05.062"/>
</kw>
<status status="PASS" starttime="20231007 00:32:58.776" endtime="20231007 00:33:05.063"/>
</test>
<test id="s1-s1-t2" name="LoginTest with excel testxiao@gmail.com" line="11">
<kw name="Invalid login">
<arg>testxiao@gmail.com</arg>
<arg>test@1234</arg>
<kw name="LogIN" library="Login_resource">
<kw name="Click Element" library="SeleniumLibrary">
<arg>${login_xpath}</arg>
<doc>Click the element identified by ``locator``.</doc>
<msg timestamp="20231007 00:33:05.075" level="INFO">Clicking element 'xpath://a[normalize-space()='Log in']'.</msg>
<status status="PASS" starttime="20231007 00:33:05.074" endtime="20231007 00:33:06.529"/>
</kw>
<status status="PASS" starttime="20231007 00:33:05.073" endtime="20231007 00:33:06.529"/>
</kw>
<kw name="LogIN_Email" library="Login_resource">
<arg>${Username}</arg>
<kw name="Input Text" library="SeleniumLibrary">
<arg>${log_Email}</arg>
<arg>${Username}</arg>
<doc>Types the given ``text`` into the text field identified by ``locator``.</doc>
<msg timestamp="20231007 00:33:06.532" level="INFO">Typing text 'testxiao@gmail.com' into text field 'xpath://input[@id='Email']'.</msg>
<status status="PASS" starttime="20231007 00:33:06.529" endtime="20231007 00:33:08.173"/>
</kw>
<status status="PASS" starttime="20231007 00:33:06.529" endtime="20231007 00:33:08.173"/>
</kw>
<kw name="LogIN_Pass" library="Login_resource">
<arg>${Password}</arg>
<kw name="Input Text" library="SeleniumLibrary">
<arg>${log_pass}</arg>
<arg>${Password}</arg>
<doc>Types the given ``text`` into the text field identified by ``locator``.</doc>
<msg timestamp="20231007 00:33:08.177" level="INFO">Typing text 'test@1234' into text field 'xpath://input[@id='Password']'.</msg>
<status status="PASS" starttime="20231007 00:33:08.175" endtime="20231007 00:33:09.817"/>
</kw>
<status status="PASS" starttime="20231007 00:33:08.174" endtime="20231007 00:33:09.817"/>
</kw>
<kw name="Click_login" library="Login_resource">
<kw name="Click Element" library="SeleniumLibrary">
<arg>${button_login}</arg>
<doc>Click the element identified by ``locator``.</doc>
<msg timestamp="20231007 00:33:09.819" level="INFO">Clicking element 'xpath://button[normalize-space()='Log in']'.</msg>
<status status="PASS" starttime="20231007 00:33:09.818" endtime="20231007 00:33:11.328"/>
</kw>
<status status="PASS" starttime="20231007 00:33:09.817" endtime="20231007 00:33:11.328"/>
</kw>
<status status="PASS" starttime="20231007 00:33:05.072" endtime="20231007 00:33:11.328"/>
</kw>
<status status="PASS" starttime="20231007 00:33:05.068" endtime="20231007 00:33:11.329"/>
</test>
<test id="s1-s1-t3" name="LoginTest with excel testxiao12@gmail.com" line="11">
<kw name="Invalid login">
<arg>testxiao12@gmail.com</arg>
<arg>test@1234</arg>
<kw name="LogIN" library="Login_resource">
<kw name="Click Element" library="SeleniumLibrary">
<arg>${login_xpath}</arg>
<doc>Click the element identified by ``locator``.</doc>
<msg timestamp="20231007 00:33:11.338" level="INFO">Clicking element 'xpath://a[normalize-space()='Log in']'.</msg>
<status status="PASS" starttime="20231007 00:33:11.337" endtime="20231007 00:33:12.774"/>
</kw>
<status status="PASS" starttime="20231007 00:33:11.337" endtime="20231007 00:33:12.774"/>
</kw>
<kw name="LogIN_Email" library="Login_resource">
<arg>${Username}</arg>
<kw name="Input Text" library="SeleniumLibrary">
<arg>${log_Email}</arg>
<arg>${Username}</arg>
<doc>Types the given ``text`` into the text field identified by ``locator``.</doc>
<msg timestamp="20231007 00:33:12.777" level="INFO">Typing text 'testxiao12@gmail.com' into text field 'xpath://input[@id='Email']'.</msg>
<status status="PASS" starttime="20231007 00:33:12.775" endtime="20231007 00:33:14.386"/>
</kw>
<status status="PASS" starttime="20231007 00:33:12.774" endtime="20231007 00:33:14.386"/>
</kw>
<kw name="LogIN_Pass" library="Login_resource">
<arg>${Password}</arg>
<kw name="Input Text" library="SeleniumLibrary">
<arg>${log_pass}</arg>
<arg>${Password}</arg>
<doc>Types the given ``text`` into the text field identified by ``locator``.</doc>
<msg timestamp="20231007 00:33:14.387" level="INFO">Typing text 'test@1234' into text field 'xpath://input[@id='Password']'.</msg>
<status status="PASS" starttime="20231007 00:33:14.386" endtime="20231007 00:33:15.977"/>
</kw>
<status status="PASS" starttime="20231007 00:33:14.386" endtime="20231007 00:33:15.977"/>
</kw>
<kw name="Click_login" library="Login_resource">
<kw name="Click Element" library="SeleniumLibrary">
<arg>${button_login}</arg>
<doc>Click the element identified by ``locator``.</doc>
<msg timestamp="20231007 00:33:15.978" level="INFO">Clicking element 'xpath://button[normalize-space()='Log in']'.</msg>
<status status="PASS" starttime="20231007 00:33:15.977" endtime="20231007 00:33:17.418"/>
</kw>
<status status="PASS" starttime="20231007 00:33:15.977" endtime="20231007 00:33:17.418"/>
</kw>
<status status="PASS" starttime="20231007 00:33:11.336" endtime="20231007 00:33:17.418"/>
</kw>
<status status="PASS" starttime="20231007 00:33:11.331" endtime="20231007 00:33:17.418"/>
</test>
<test id="s1-s1-t4" name="LoginTest with excel testxiao@gmail.com" line="11">
<kw name="Invalid login">
<arg>testxiao@gmail.com</arg>
<arg>test@123</arg>
<kw name="LogIN" library="Login_resource">
<kw name="Click Element" library="SeleniumLibrary">
<arg>${login_xpath}</arg>
<doc>Click the element identified by ``locator``.</doc>
<msg timestamp="20231007 00:33:17.429" level="INFO">Clicking element 'xpath://a[normalize-space()='Log in']'.</msg>
<status status="PASS" starttime="20231007 00:33:17.428" endtime="20231007 00:33:18.861"/>
</kw>
<status status="PASS" starttime="20231007 00:33:17.427" endtime="20231007 00:33:18.861"/>
</kw>
<kw name="LogIN_Email" library="Login_resource">
<arg>${Username}</arg>
<kw name="Input Text" library="SeleniumLibrary">
<arg>${log_Email}</arg>
<arg>${Username}</arg>
<doc>Types the given ``text`` into the text field identified by ``locator``.</doc>
<msg timestamp="20231007 00:33:18.863" level="INFO">Typing text 'testxiao@gmail.com' into text field 'xpath://input[@id='Email']'.</msg>
<status status="PASS" starttime="20231007 00:33:18.862" endtime="20231007 00:33:20.526"/>
</kw>
<status status="PASS" starttime="20231007 00:33:18.862" endtime="20231007 00:33:20.526"/>
</kw>
<kw name="LogIN_Pass" library="Login_resource">
<arg>${Password}</arg>
<kw name="Input Text" library="SeleniumLibrary">
<arg>${log_pass}</arg>
<arg>${Password}</arg>
<doc>Types the given ``text`` into the text field identified by ``locator``.</doc>
<msg timestamp="20231007 00:33:20.528" level="INFO">Typing text 'test@123' into text field 'xpath://input[@id='Password']'.</msg>
<status status="PASS" starttime="20231007 00:33:20.527" endtime="20231007 00:33:22.164"/>
</kw>
<status status="PASS" starttime="20231007 00:33:20.526" endtime="20231007 00:33:22.164"/>
</kw>
<kw name="Click_login" library="Login_resource">
<kw name="Click Element" library="SeleniumLibrary">
<arg>${button_login}</arg>
<doc>Click the element identified by ``locator``.</doc>
<msg timestamp="20231007 00:33:22.166" level="INFO">Clicking element 'xpath://button[normalize-space()='Log in']'.</msg>
<status status="PASS" starttime="20231007 00:33:22.165" endtime="20231007 00:33:24.109"/>
</kw>
<status status="PASS" starttime="20231007 00:33:22.164" endtime="20231007 00:33:24.109"/>
</kw>
<status status="PASS" starttime="20231007 00:33:17.426" endtime="20231007 00:33:24.109"/>
</kw>
<status status="PASS" starttime="20231007 00:33:17.421" endtime="20231007 00:33:24.110"/>
</test>
<kw name="close_all_brows" library="Login_resource" type="TEARDOWN">
<kw name="Close All Browsers" library="SeleniumLibrary">
<doc>Closes all open browsers and resets the browser cache.</doc>
<status status="PASS" starttime="20231007 00:33:24.113" endtime="20231007 00:33:26.703"/>
</kw>
<status status="PASS" starttime="20231007 00:33:24.113" endtime="20231007 00:33:26.703"/>
</kw>
<status status="PASS" starttime="20231007 00:32:53.925" endtime="20231007 00:33:26.703"/>
</suite>
<suite id="s1-s2" name="Test" source="C:\Users\mitendra\PycharmProjects\Robot_DDT\TestCases\Test.robot">
<test id="s1-s2-t1" name="LoginTest" line="17">
<kw name="open my browser" library="Login_resource">
<kw name="Open Browser" library="SeleniumLibrary">
<arg>${url}</arg>
<arg>${browser}</arg>
<doc>Opens a new browser instance to the optional ``url``.</doc>
<msg timestamp="20231007 00:33:26.726" level="INFO">Opening browser 'Chrome' to base url 'https://demo.nopcommerce.com/'.</msg>
<status status="PASS" starttime="20231007 00:33:26.725" endtime="20231007 00:33:32.109"/>
</kw>
<kw name="Maximize Browser Window" library="SeleniumLibrary">
<doc>Maximizes current browser window.</doc>
<status status="PASS" starttime="20231007 00:33:32.110" endtime="20231007 00:33:32.747"/>
</kw>
<kw name="Set Selenium Speed" library="SeleniumLibrary">
<arg>0.5</arg>
<doc>Sets the delay that is waited after each Selenium command.</doc>
<status status="PASS" starttime="20231007 00:33:32.747" endtime="20231007 00:33:32.748"/>
</kw>
<status status="PASS" starttime="20231007 00:33:26.724" endtime="20231007 00:33:32.748"/>
</kw>
<kw name="Register" library="Login_resource">
<kw name="Click Element" library="SeleniumLibrary">
<arg>${register_xpath}</arg>
<doc>Click the element identified by ``locator``.</doc>
<msg timestamp="20231007 00:33:32.751" level="INFO">Clicking element 'xpath:(//a[normalize-space()='Register'])[1]'.</msg>
<status status="PASS" starttime="20231007 00:33:32.750" endtime="20231007 00:33:35.142"/>
</kw>
<status status="PASS" starttime="20231007 00:33:32.749" endtime="20231007 00:33:35.142"/>
</kw>
<kw name="Select_gender" library="Login_resource">
<kw name="Select Radio Button" library="SeleniumLibrary">
<arg>Gender</arg>
<arg>M</arg>
<doc>Sets the radio button group ``group_name`` to ``value``.</doc>
<msg timestamp="20231007 00:33:35.144" level="INFO">Selecting 'M' from radio button 'Gender'.</msg>
<status status="PASS" starttime="20231007 00:33:35.144" endtime="20231007 00:33:36.777"/>
</kw>
<status status="PASS" starttime="20231007 00:33:35.143" endtime="20231007 00:33:36.777"/>
</kw>
<kw name="Enter_FName" library="Login_resource">
<arg>${Fname}</arg>
<kw name="Input Text" library="SeleniumLibrary">
<arg>${name_xpath}</arg>
<arg>${Fname}</arg>
<doc>Types the given ``text`` into the text field identified by ``locator``.</doc>
<msg timestamp="20231007 00:33:36.780" level="INFO">Typing text 'Test' into text field 'xpath://input[@id='FirstName']'.</msg>
<status status="PASS" starttime="20231007 00:33:36.779" endtime="20231007 00:33:38.444"/>
</kw>
<status status="PASS" starttime="20231007 00:33:36.778" endtime="20231007 00:33:38.444"/>
</kw>
<kw name="Enter_Lname" library="Login_resource">
<arg>${Lname}</arg>
<kw name="Input Text" library="SeleniumLibrary">
<arg>${lastname_xpath}</arg>
<arg>${Lname}</arg>
<doc>Types the given ``text`` into the text field identified by ``locator``.</doc>
<msg timestamp="20231007 00:33:38.447" level="INFO">Typing text 'Xiao' into text field 'xpath:(//input[@id='LastName'])[1]'.</msg>
<status status="PASS" starttime="20231007 00:33:38.446" endtime="20231007 00:33:40.077"/>
</kw>
<status status="PASS" starttime="20231007 00:33:38.445" endtime="20231007 00:33:40.077"/>
</kw>
<kw name="DOB" library="Login_resource">
<arg>${Day}</arg>
<arg>${Month}</arg>
<arg>${Year}</arg>
<kw name="Select From List By Label" library="SeleniumLibrary">
<arg>${day_xpath}</arg>
<arg>${Day}</arg>
<doc>Selects options from selection list ``locator`` by ``labels``.</doc>
<msg timestamp="20231007 00:33:40.080" level="INFO">Selecting options from selection list 'xpath://select[@name='DateOfBirthDay']' by label 13.</msg>
<status status="PASS" starttime="20231007 00:33:40.079" endtime="20231007 00:33:44.313"/>
</kw>
<kw name="Select From List By Label" library="SeleniumLibrary">
<arg>${month_xpath}</arg>
<arg>${Month}</arg>
<doc>Selects options from selection list ``locator`` by ``labels``.</doc>
<msg timestamp="20231007 00:33:44.315" level="INFO">Selecting options from selection list 'xpath://select[@name='DateOfBirthMonth']' by label October.</msg>
<status status="PASS" starttime="20231007 00:33:44.313" endtime="20231007 00:33:48.482"/>
</kw>
<kw name="Select From List By Label" library="SeleniumLibrary">
<arg>${year_xpath}</arg>
<arg>${Year}</arg>
<doc>Selects options from selection list ``locator`` by ``labels``.</doc>
<msg timestamp="20231007 00:33:48.484" level="INFO">Selecting options from selection list 'xpath://select[@name='DateOfBirthYear']' by label 1997.</msg>
<status status="PASS" starttime="20231007 00:33:48.482" endtime="20231007 00:33:52.710"/>
</kw>
<status status="PASS" starttime="20231007 00:33:40.078" endtime="20231007 00:33:52.710"/>
</kw>
<kw name="Enter_Email" library="Login_resource">
<arg>${Email}</arg>
<kw name="Input Text" library="SeleniumLibrary">
<arg>${email_xpath}</arg>
<arg>${Email}</arg>
<doc>Types the given ``text`` into the text field identified by ``locator``.</doc>
<msg timestamp="20231007 00:33:52.713" level="INFO">Typing text 'testxiao@gmail.com' into text field 'xpath:(//input[@id='Email'])[1]'.</msg>
<status status="PASS" starttime="20231007 00:33:52.712" endtime="20231007 00:33:54.389"/>
</kw>
<status status="PASS" starttime="20231007 00:33:52.711" endtime="20231007 00:33:54.389"/>
</kw>
<kw name="NewsLetter" library="Login_resource">
<kw name="Checkbox Should Be Selected" library="SeleniumLibrary">
<arg>Newsletter</arg>
<doc>Verifies checkbox ``locator`` is selected/checked.</doc>
<msg timestamp="20231007 00:33:54.392" level="INFO">Verifying checkbox 'Newsletter' is selected.</msg>
<status status="PASS" starttime="20231007 00:33:54.389" endtime="20231007 00:33:55.960"/>
</kw>
<status status="PASS" starttime="20231007 00:33:54.389" endtime="20231007 00:33:55.960"/>
</kw>
<kw name="Passward" library="Login_resource">
<arg>${Pass}</arg>
<arg>${ConfPass}</arg>
<kw name="Input Text" library="SeleniumLibrary">
<arg>${pass_xpath}</arg>
<arg>${Pass}</arg>
<doc>Types the given ``text`` into the text field identified by ``locator``.</doc>
<msg timestamp="20231007 00:34:00.055" level="INFO">Typing text 'test@123' into text field 'xpath://input[@id='Password']'.</msg>
<status status="PASS" starttime="20231007 00:33:55.962" endtime="20231007 00:34:01.707"/>
</kw>
<kw name="Input Text" library="SeleniumLibrary">
<arg>${confPass_xpath}</arg>
<arg>${ConfPass}</arg>
<doc>Types the given ``text`` into the text field identified by ``locator``.</doc>
<msg timestamp="20231007 00:34:01.709" level="INFO">Typing text 'test@123' into text field 'xpath://input[@id='ConfirmPassword']'.</msg>
<status status="PASS" starttime="20231007 00:34:01.707" endtime="20231007 00:34:03.372"/>
</kw>
<status status="PASS" starttime="20231007 00:33:55.961" endtime="20231007 00:34:03.372"/>
</kw>
<kw name="Button_register" library="Login_resource">
<kw name="Click Element" library="SeleniumLibrary">
<arg>${button_register_xpath}</arg>
<doc>Click the element identified by ``locator``.</doc>
<msg timestamp="20231007 00:34:03.374" level="INFO">Clicking element 'xpath://button[@id='register-button']'.</msg>
<status status="PASS" starttime="20231007 00:34:03.373" endtime="20231007 00:34:05.836"/>
</kw>
<status status="PASS" starttime="20231007 00:34:03.373" endtime="20231007 00:34:05.836"/>
</kw>
<kw name="close_all_brows" library="Login_resource">
<kw name="Close All Browsers" library="SeleniumLibrary">
<doc>Closes all open browsers and resets the browser cache.</doc>
<status status="PASS" starttime="20231007 00:34:05.838" endtime="20231007 00:34:08.447"/>
</kw>
<status status="PASS" starttime="20231007 00:34:05.837" endtime="20231007 00:34:08.447"/>
</kw>
<status status="PASS" starttime="20231007 00:33:26.723" endtime="20231007 00:34:08.448"/>
</test>
<status status="PASS" starttime="20231007 00:33:26.708" endtime="20231007 00:34:08.449"/>
</suite>
<status status="PASS" starttime="20231007 00:32:53.908" endtime="20231007 00:34:08.452"/>
</suite>
<statistics>
<total>
<stat pass="5" fail="0" skip="0">All Tests</stat>
</total>
<tag>
</tag>
<suite>
<stat pass="5" fail="0" skip="0" id="s1" name="TestCases">TestCases</stat>
<stat pass="4" fail="0" skip="0" id="s1-s1" name="LoginTest">TestCases.LoginTest</stat>
<stat pass="1" fail="0" skip="0" id="s1-s2" name="Test">TestCases.Test</stat>
</suite>
</statistics>
<errors>
<msg timestamp="20231007 00:33:17.420" level="WARN">Multiple tests with name 'LoginTest with excel testxiao@gmail.com' executed in suite 'TestCases.LoginTest'.</msg>
</errors>
</robot>
